<?xml version="1.0" encoding="UTF-8"?>
<!-- Generated by org.testng.reporters.JUnitReportReporter -->
<testsuite ignored="0" hostname="DESKTOP-NHDJ7D7" failures="0" tests="1" name="dockerValidationWINMC.stopDocker" time="6.080" errors="0" timestamp="02 Mar 2020 12:22:39 GMT" skipped="0">
  <testcase classname="dockerValidationWINMC.stopDocker" name="startFile" time="6.080"/>
</testsuite> <!-- dockerValidationWINMC.stopDocker -->
