<?xml version="1.0" encoding="UTF-8"?>
<!-- Generated by org.testng.reporters.JUnitReportReporter -->
<testsuite ignored="0" hostname="DESKTOP-NHDJ7D7" failures="0" tests="1" name="dockerValidationWINMC.chromeTest2" time="1.830" errors="0" timestamp="02 Mar 2020 13:45:28 GMT" skipped="0">
  <testcase classname="dockerValidationWINMC.chromeTest2" name="Test2" time="1.830"/>
</testsuite> <!-- dockerValidationWINMC.chromeTest2 -->
