<?xml version="1.0" encoding="UTF-8"?>
<!-- Generated by org.testng.reporters.JUnitReportReporter -->
<testsuite ignored="0" hostname="DESKTOP-NHDJ7D7" failures="0" tests="1" name="dockerValidationWINMC.startDocker" time="11.096" errors="0" timestamp="02 Mar 2020 12:22:16 GMT" skipped="0">
  <testcase classname="dockerValidationWINMC.startDocker" name="startFile" time="11.096"/>
</testsuite> <!-- dockerValidationWINMC.startDocker -->
