<?xml version="1.0" encoding="UTF-8"?>
<!-- Generated by org.testng.reporters.JUnitReportReporter -->
<testsuite name="dockerValidationWINMC.firefoxTest1" tests="1" time="55.900" ignored="0" failures="0" timestamp="26 May 2020 10:39:46 GMT" skipped="0" hostname="DESKTOP-NHDJ7D7" errors="0">
  <testcase name="Test1" time="55.900" classname="dockerValidationWINMC.firefoxTest1"/>
</testsuite> <!-- dockerValidationWINMC.firefoxTest1 -->
