<?xml version="1.0" encoding="UTF-8"?>
<!-- Generated by org.testng.reporters.JUnitReportReporter -->
<testsuite name="dockerValidationWINMC.chromeTest1" tests="1" time="13.355" ignored="0" failures="0" timestamp="26 May 2020 10:39:46 GMT" skipped="0" hostname="DESKTOP-NHDJ7D7" errors="0">
  <testcase name="Test1" time="13.355" classname="dockerValidationWINMC.chromeTest1"/>
</testsuite> <!-- dockerValidationWINMC.chromeTest1 -->
